   158.4ms (setup:1108): 2025-12-26 01:36:11
   158.7ms (setup:1109): /usr/bin/pipx install open-interpreter
   158.8ms (setup:1110): pipx version is 1.7.1
   158.9ms (setup:1111): Default python interpreter is '/usr/bin/python3.13'
   161.7ms (package_name_from_spec:378): Determined package name: open-interpreter
   161.8ms (package_name_from_spec:379): Package name determined in 0.0s
   162.3ms (create_venv:164): Creating virtual environment
   163.5ms (run_subprocess:175): running /usr/bin/python3.13 -m venv --without-pip /root/.local/share/pipx/venvs/open-interpreter
   275.6ms (run_subprocess:195): stdout:
   275.8ms (run_subprocess:197): stderr:
   275.9ms (run_subprocess:198): returncode: 0
   276.8ms (run_subprocess:175): running <checking pip's availability>
   314.0ms (run_subprocess:195): stdout: ModuleSpec(name='pip', loader=<_frozen_importlib_external.SourceFileLoader object at 0x7f2bee44f250>, origin='/root/.local/share/pipx/shared/lib/python3.13/site-packages/pip/__init__.py', submodule_search_locations=['/root/.local/share/pipx/shared/lib/python3.13/site-packages/pip'])
   314.2ms (run_subprocess:198): returncode: 0
   314.5ms (run_subprocess:175): running /root/.local/share/pipx/venvs/open-interpreter/bin/python -c import sysconfig; print(sysconfig.get_path('purelib'))
   386.7ms (run_subprocess:195): stdout: /root/.local/share/pipx/venvs/open-interpreter/lib/python3.13/site-packages
   386.8ms (run_subprocess:198): returncode: 0
   387.2ms (run_subprocess:175): running /root/.local/share/pipx/shared/bin/python -c import sysconfig; print(sysconfig.get_path('purelib'))
   408.6ms (run_subprocess:195): stdout: /root/.local/share/pipx/shared/lib/python3.13/site-packages
   408.7ms (run_subprocess:198): returncode: 0
   409.0ms (run_subprocess:175): running /root/.local/share/pipx/venvs/open-interpreter/bin/python --version
   411.4ms (run_subprocess:195): stdout: Python 3.13.5
   411.5ms (run_subprocess:197): stderr:
   411.6ms (run_subprocess:198): returncode: 0
   411.9ms (_parsed_package_to_package_or_url:139): cleaned package spec: open-interpreter
   411.9ms (install_package:247): Installing open-interpreter
   412.2ms (run_subprocess:175): running /root/.local/share/pipx/venvs/open-interpreter/bin/python -m pip --no-input install open-interpreter
 35920.9ms (run_subprocess:198): returncode: 1
 35921.4ms (subprocess_post_check_handle_pip_error:332): '/root/.local/share/pipx/venvs/open-interpreter/bin/python -m pip --no-input install open-interpreter' failed
 35923.0ms (subprocess_post_check_handle_pip_error:347): Fatal error from pip prevented installation. Full pip output in file:
    /root/.local/state/pipx/log/cmd_2025-12-26_01.36.11_pip_errors.log
 35936.8ms (analyze_pip_output:303): pip failed to build package:
    tiktoken
 35937.1ms (rmdir:56): removing directory /root/.local/share/pipx/venvs/open-interpreter
 35938.6ms (cli:1179): PipxError: Error installing open-interpreter.
Traceback (most recent call last):
  File "/usr/lib/python3/dist-packages/pipx/main.py", line 1176, in cli
    return run_pipx_command(parsed_pipx_args, subparsers)
  File "/usr/lib/python3/dist-packages/pipx/main.py", line 282, in run_pipx_command
    return commands.install(
           ~~~~~~~~~~~~~~~~^
        None,
        ^^^^^
    ...<13 lines>...
        python_flag_passed=python_flag_passed,
        ^^^^^^^^^^^^^^^^^^^^^^^^^^^^^^^^^^^^^^
    )
    ^
  File "/usr/lib/python3/dist-packages/pipx/commands/install.py", line 99, in install
    venv.install_package(
    ~~~~~~~~~~~~~~~~~~~~^
        package_name=package_name,
        ^^^^^^^^^^^^^^^^^^^^^^^^^^
    ...<5 lines>...
        suffix=suffix,
        ^^^^^^^^^^^^^^
    )
    ^
  File "/usr/lib/python3/dist-packages/pipx/venv.py", line 265, in install_package
    raise PipxError(f"Error installing {full_package_description(package_name, package_or_url)}.")
pipx.util.PipxError: Error installing open-interpreter.
 35942.8ms (cli:1187): pipx finished.
